#-----------------------------------------------------------
# Vivado v2018.2 (64-bit)
# SW Build 2258646 on Thu Jun 14 20:03:12 MDT 2018
# IP Build 2256618 on Thu Jun 14 22:10:49 MDT 2018
# Start of session at: Wed Feb 20 16:47:26 2019
# Process ID: 12796
# Current directory: D:/PROJECTs/fpga-iot/esp8266
# Command line: vivado.exe -gui_launcher_event rodinguilauncherevent7056 D:\PROJECTs\fpga-iot\esp8266\esp8266.xpr
# Log file: D:/PROJECTs/fpga-iot/esp8266/vivado.log
# Journal file: D:/PROJECTs/fpga-iot/esp8266\vivado.jou
#-----------------------------------------------------------
start_gui
open_project D:/PROJECTs/fpga-iot/esp8266/esp8266.xpr
INFO: [Project 1-313] Project file moved from 'D:/PROJECTs/esp8266' since last save.
Scanning sources...
Finished scanning sources
INFO: [IP_Flow 19-234] Refreshing IP repositories
INFO: [IP_Flow 19-1704] No user IP repositories specified
INFO: [IP_Flow 19-2313] Loaded Vivado IP repository 'C:/Xilinx/Vivado/2018.2/data/ip'.
open_project: Time (s): cpu = 00:00:17 ; elapsed = 00:00:13 . Memory (MB): peak = 755.082 ; gain = 95.820
update_compile_order -fileset sources_1
exit
INFO: [Common 17-206] Exiting Vivado at Wed Feb 20 16:49:16 2019...
