#-----------------------------------------------------------
# Vivado v2018.2 (64-bit)
# SW Build 2258646 on Thu Jun 14 20:03:12 MDT 2018
# IP Build 2256618 on Thu Jun 14 22:10:49 MDT 2018
# Start of session at: Sat May 25 15:15:37 2019
# Process ID: 4616
# Current directory: D:/PROJECTs/fpga-iot/tus_takimi
# Command line: vivado.exe -gui_launcher_event rodinguilauncherevent12184 D:\PROJECTs\fpga-iot\tus_takimi\tus_takimi.xpr
# Log file: D:/PROJECTs/fpga-iot/tus_takimi/vivado.log
# Journal file: D:/PROJECTs/fpga-iot/tus_takimi\vivado.jou
#-----------------------------------------------------------
start_gui
open_project D:/PROJECTs/fpga-iot/tus_takimi/tus_takimi.xpr
INFO: [Project 1-313] Project file moved from 'C:/Users/ARGE2/Desktop/Projeler/FPGA Gelistirme kart/tus_takimi' since last save.
Scanning sources...
Finished scanning sources
INFO: [IP_Flow 19-234] Refreshing IP repositories
INFO: [IP_Flow 19-1704] No user IP repositories specified
INFO: [IP_Flow 19-2313] Loaded Vivado IP repository 'C:/Xilinx/Vivado/2018.2/data/ip'.
open_project: Time (s): cpu = 00:00:18 ; elapsed = 00:00:09 . Memory (MB): peak = 749.980 ; gain = 77.445
update_compile_order -fileset sources_1
exit
INFO: [Common 17-206] Exiting Vivado at Sat May 25 15:23:02 2019...
