#-----------------------------------------------------------
# Vivado v2018.2 (64-bit)
# SW Build 2258646 on Thu Jun 14 20:03:12 MDT 2018
# IP Build 2256618 on Thu Jun 14 22:10:49 MDT 2018
# Start of session at: Sat May 25 15:37:08 2019
# Process ID: 12220
# Current directory: D:/PROJECTs/fpga-iot/lcd8x2
# Command line: vivado.exe -gui_launcher_event rodinguilauncherevent4572 D:\PROJECTs\fpga-iot\lcd8x2\lcd8x2.xpr
# Log file: D:/PROJECTs/fpga-iot/lcd8x2/vivado.log
# Journal file: D:/PROJECTs/fpga-iot/lcd8x2\vivado.jou
#-----------------------------------------------------------
start_gui
open_project D:/PROJECTs/fpga-iot/lcd8x2/lcd8x2.xpr
INFO: [Project 1-313] Project file moved from 'D:/PROJECTs/lcd8x2' since last save.
Scanning sources...
Finished scanning sources
INFO: [IP_Flow 19-234] Refreshing IP repositories
INFO: [IP_Flow 19-1704] No user IP repositories specified
INFO: [IP_Flow 19-2313] Loaded Vivado IP repository 'C:/Xilinx/Vivado/2018.2/data/ip'.
open_project: Time (s): cpu = 00:00:17 ; elapsed = 00:00:09 . Memory (MB): peak = 755.629 ; gain = 68.605
update_compile_order -fileset sources_1
exit
INFO: [Common 17-206] Exiting Vivado at Sat May 25 16:38:30 2019...
