#-----------------------------------------------------------
# Vivado v2018.2 (64-bit)
# SW Build 2258646 on Thu Jun 14 20:03:12 MDT 2018
# IP Build 2256618 on Thu Jun 14 22:10:49 MDT 2018
# Start of session at: Thu May 23 15:40:49 2019
# Process ID: 11304
# Current directory: C:/Users/ARGE2/Desktop/Projeler/FPGA Gelistirme kart/dot_matrix/dot_matrix_RGB
# Command line: vivado.exe -gui_launcher_event rodinguilauncherevent940 C:\Users\ARGE2\Desktop\Projeler\FPGA Gelistirme kart\dot_matrix\dot_matrix_RGB\dot_matrix_RGB.xpr
# Log file: C:/Users/ARGE2/Desktop/Projeler/FPGA Gelistirme kart/dot_matrix/dot_matrix_RGB/vivado.log
# Journal file: C:/Users/ARGE2/Desktop/Projeler/FPGA Gelistirme kart/dot_matrix/dot_matrix_RGB\vivado.jou
#-----------------------------------------------------------
start_gui
open_project {C:/Users/ARGE2/Desktop/Projeler/FPGA Gelistirme kart/dot_matrix/dot_matrix_RGB/dot_matrix_RGB.xpr}
Scanning sources...
Finished scanning sources
INFO: [IP_Flow 19-234] Refreshing IP repositories
INFO: [IP_Flow 19-1704] No user IP repositories specified
INFO: [IP_Flow 19-2313] Loaded Vivado IP repository 'C:/Xilinx/Vivado/2018.2/data/ip'.
open_project: Time (s): cpu = 00:00:19 ; elapsed = 00:00:12 . Memory (MB): peak = 846.570 ; gain = 128.922
update_compile_order -fileset sources_1
exit
INFO: [Common 17-206] Exiting Vivado at Thu May 23 15:47:38 2019...
