#-----------------------------------------------------------
# Vivado v2018.2 (64-bit)
# SW Build 2258646 on Thu Jun 14 20:03:12 MDT 2018
# IP Build 2256618 on Thu Jun 14 22:10:49 MDT 2018
# Start of session at: Sat May  4 09:55:23 2019
# Process ID: 7708
# Current directory: D:/PROJECTs/fpga-iot/tft
# Command line: vivado.exe -gui_launcher_event rodinguilauncherevent6616 D:\PROJECTs\fpga-iot\tft\tft.xpr
# Log file: D:/PROJECTs/fpga-iot/tft/vivado.log
# Journal file: D:/PROJECTs/fpga-iot/tft\vivado.jou
#-----------------------------------------------------------
start_gui
open_project D:/PROJECTs/fpga-iot/tft/tft.xpr
Scanning sources...
Finished scanning sources
INFO: [IP_Flow 19-234] Refreshing IP repositories
INFO: [IP_Flow 19-1704] No user IP repositories specified
INFO: [Common 17-41] Interrupt caught. Command should exit soon.
INFO: [IP_Flow 19-2313] Loaded Vivado IP repository 'C:/Xilinx/Vivado/2018.2/data/ip'.
INFO: [IP_Flow 19-2338] Canceling the changes to the IP catalog. Reverting the catalog back to its previous state.
INFO: [IP_Flow 19-2340] The IP catalog has been returned to its previous state.
INFO: [Common 17-344] 'open_project' was cancelled
close_project
open_project D:/PROJECTs/fpga-iot/lcd_2x8/lcd_2x8.xpr
Scanning sources...
Finished scanning sources
INFO: [IP_Flow 19-234] Refreshing IP repositories
INFO: [IP_Flow 19-1704] No user IP repositories specified
INFO: [IP_Flow 19-2313] Loaded Vivado IP repository 'C:/Xilinx/Vivado/2018.2/data/ip'.
open_project: Time (s): cpu = 00:00:10 ; elapsed = 00:00:09 . Memory (MB): peak = 735.863 ; gain = 24.109
update_compile_order -fileset sources_1
close_project
create_project lcd8x2 D:/PROJECTs/lcd8x2 -part xc7a35tcpg236-1
INFO: [IP_Flow 19-234] Refreshing IP repositories
INFO: [IP_Flow 19-1704] No user IP repositories specified
INFO: [IP_Flow 19-2313] Loaded Vivado IP repository 'C:/Xilinx/Vivado/2018.2/data/ip'.
create_project: Time (s): cpu = 00:00:08 ; elapsed = 00:00:07 . Memory (MB): peak = 760.598 ; gain = 3.152
set_property target_language VHDL [current_project]
import_files -fileset constrs_1 -force -norecurse D:/PROJECTs/fpga-iot/lcd_2x8/lcd_2x8.srcs/constrs_1/imports/Downloads/Basys3_Master.xdc
file mkdir D:/PROJECTs/lcd8x2/lcd8x2.srcs/sources_1/new
close [ open D:/PROJECTs/lcd8x2/lcd8x2.srcs/sources_1/new/lcd8x2.vhd w ]
add_files D:/PROJECTs/lcd8x2/lcd8x2.srcs/sources_1/new/lcd8x2.vhd
update_compile_order -fileset sources_1
launch_runs impl_1 -to_step write_bitstream -jobs 4
[Sat May  4 10:08:06 2019] Launched synth_1...
Run output will be captured here: D:/PROJECTs/lcd8x2/lcd8x2.runs/synth_1/runme.log
[Sat May  4 10:08:06 2019] Launched impl_1...
Run output will be captured here: D:/PROJECTs/lcd8x2/lcd8x2.runs/impl_1/runme.log
open_hw
connect_hw_server
INFO: [Labtools 27-2285] Connecting to hw_server url TCP:localhost:3121
INFO: [Labtools 27-2222] Launching hw_server...
INFO: [Labtools 27-2221] Launch Output:

****** Xilinx hw_server v2018.2
  **** Build date : Jun 14 2018-20:42:52
    ** Copyright 1986-2018 Xilinx, Inc. All Rights Reserved.


connect_hw_server: Time (s): cpu = 00:00:01 ; elapsed = 00:00:05 . Memory (MB): peak = 781.512 ; gain = 0.000
open_hw_target
INFO: [Labtoolstcl 44-466] Opening hw_target localhost:3121/xilinx_tcf/Digilent/210183A5800EA
set_property PROGRAM.FILE {D:/PROJECTs/lcd8x2/lcd8x2.runs/impl_1/LCDUpDown.bit} [get_hw_devices xc7a35t_0]
current_hw_device [get_hw_devices xc7a35t_0]
refresh_hw_device -update_hw_probes false [lindex [get_hw_devices xc7a35t_0] 0]
INFO: [Labtools 27-1434] Device xc7a35t (JTAG device index = 0) is programmed with a design that has no supported debug core(s) in it.
WARNING: [Labtools 27-3361] The debug hub core was not detected.
Resolution: 
1. Make sure the clock connected to the debug hub (dbg_hub) core is a free running clock and is active.
2. Make sure the BSCAN_SWITCH_USER_MASK device property in Vivado Hardware Manager reflects the user scan chain setting in the design and refresh the device.  To determine the user scan chain setting in the design, open the implemented design and use 'get_property C_USER_SCAN_CHAIN [get_debug_cores dbg_hub]'.
For more details on setting the scan chain property, consult the Vivado Debug and Programming User Guide (UG908).
set_property PROBES.FILE {} [get_hw_devices xc7a35t_0]
set_property FULL_PROBES.FILE {} [get_hw_devices xc7a35t_0]
set_property PROGRAM.FILE {D:/PROJECTs/lcd8x2/lcd8x2.runs/impl_1/LCDUpDown.bit} [get_hw_devices xc7a35t_0]
program_hw_devices [get_hw_devices xc7a35t_0]
INFO: [Labtools 27-3164] End of startup status: HIGH
refresh_hw_device [lindex [get_hw_devices xc7a35t_0] 0]
INFO: [Labtools 27-1434] Device xc7a35t (JTAG device index = 0) is programmed with a design that has no supported debug core(s) in it.
WARNING: [Labtools 27-3361] The debug hub core was not detected.
Resolution: 
1. Make sure the clock connected to the debug hub (dbg_hub) core is a free running clock and is active.
2. Make sure the BSCAN_SWITCH_USER_MASK device property in Vivado Hardware Manager reflects the user scan chain setting in the design and refresh the device.  To determine the user scan chain setting in the design, open the implemented design and use 'get_property C_USER_SCAN_CHAIN [get_debug_cores dbg_hub]'.
For more details on setting the scan chain property, consult the Vivado Debug and Programming User Guide (UG908).
ERROR: [Labtoolstcl 44-513] HW Target shutdown. Closing target: localhost:3121/xilinx_tcf/Digilent/210183A5800EA
INFO: [Labtoolstcl 44-466] Opening hw_target localhost:3121/xilinx_tcf/Digilent/210183A5800EA
INFO: [Labtools 27-1434] Device xc7a35t (JTAG device index = 0) is programmed with a design that has no supported debug core(s) in it.
WARNING: [Labtools 27-3361] The debug hub core was not detected.
Resolution: 
1. Make sure the clock connected to the debug hub (dbg_hub) core is a free running clock and is active.
2. Make sure the BSCAN_SWITCH_USER_MASK device property in Vivado Hardware Manager reflects the user scan chain setting in the design and refresh the device.  To determine the user scan chain setting in the design, open the implemented design and use 'get_property C_USER_SCAN_CHAIN [get_debug_cores dbg_hub]'.
For more details on setting the scan chain property, consult the Vivado Debug and Programming User Guide (UG908).
WARNING: [Labtoolstcl 44-129] No matching hw_ila_data was found.
reset_run synth_1
launch_runs impl_1 -to_step write_bitstream -jobs 4
[Sat May  4 11:40:35 2019] Launched synth_1...
Run output will be captured here: D:/PROJECTs/lcd8x2/lcd8x2.runs/synth_1/runme.log
[Sat May  4 11:40:35 2019] Launched impl_1...
Run output will be captured here: D:/PROJECTs/lcd8x2/lcd8x2.runs/impl_1/runme.log
set_property PROBES.FILE {} [get_hw_devices xc7a35t_0]
set_property FULL_PROBES.FILE {} [get_hw_devices xc7a35t_0]
set_property PROGRAM.FILE {D:/PROJECTs/lcd8x2/lcd8x2.runs/impl_1/LCDUpDown.bit} [get_hw_devices xc7a35t_0]
program_hw_devices [get_hw_devices xc7a35t_0]
INFO: [Labtools 27-3164] End of startup status: HIGH
refresh_hw_device [lindex [get_hw_devices xc7a35t_0] 0]
INFO: [Labtools 27-1434] Device xc7a35t (JTAG device index = 0) is programmed with a design that has no supported debug core(s) in it.
WARNING: [Labtools 27-3361] The debug hub core was not detected.
Resolution: 
1. Make sure the clock connected to the debug hub (dbg_hub) core is a free running clock and is active.
2. Make sure the BSCAN_SWITCH_USER_MASK device property in Vivado Hardware Manager reflects the user scan chain setting in the design and refresh the device.  To determine the user scan chain setting in the design, open the implemented design and use 'get_property C_USER_SCAN_CHAIN [get_debug_cores dbg_hub]'.
For more details on setting the scan chain property, consult the Vivado Debug and Programming User Guide (UG908).
reset_run synth_1
launch_runs impl_1 -to_step write_bitstream -jobs 4
[Sat May  4 11:45:49 2019] Launched synth_1...
Run output will be captured here: D:/PROJECTs/lcd8x2/lcd8x2.runs/synth_1/runme.log
[Sat May  4 11:45:49 2019] Launched impl_1...
Run output will be captured here: D:/PROJECTs/lcd8x2/lcd8x2.runs/impl_1/runme.log
set_property PROBES.FILE {} [get_hw_devices xc7a35t_0]
set_property FULL_PROBES.FILE {} [get_hw_devices xc7a35t_0]
set_property PROGRAM.FILE {D:/PROJECTs/lcd8x2/lcd8x2.runs/impl_1/LCDUpDown.bit} [get_hw_devices xc7a35t_0]
program_hw_devices [get_hw_devices xc7a35t_0]
INFO: [Labtools 27-3164] End of startup status: HIGH
refresh_hw_device [lindex [get_hw_devices xc7a35t_0] 0]
INFO: [Labtools 27-1434] Device xc7a35t (JTAG device index = 0) is programmed with a design that has no supported debug core(s) in it.
WARNING: [Labtools 27-3361] The debug hub core was not detected.
Resolution: 
1. Make sure the clock connected to the debug hub (dbg_hub) core is a free running clock and is active.
2. Make sure the BSCAN_SWITCH_USER_MASK device property in Vivado Hardware Manager reflects the user scan chain setting in the design and refresh the device.  To determine the user scan chain setting in the design, open the implemented design and use 'get_property C_USER_SCAN_CHAIN [get_debug_cores dbg_hub]'.
For more details on setting the scan chain property, consult the Vivado Debug and Programming User Guide (UG908).
exit
INFO: [Common 17-206] Exiting Vivado at Sat May  4 11:50:58 2019...
