#-----------------------------------------------------------
# Vivado v2018.2 (64-bit)
# SW Build 2258646 on Thu Jun 14 20:03:12 MDT 2018
# IP Build 2256618 on Thu Jun 14 22:10:49 MDT 2018
# Start of session at: Mon Jan  7 10:27:37 2019
# Process ID: 6048
# Current directory: D:/PROJECTs/HC-05/hc05
# Command line: vivado.exe -gui_launcher_event rodinguilauncherevent1764 D:\PROJECTs\HC-05\hc05\hc05.xpr
# Log file: D:/PROJECTs/HC-05/hc05/vivado.log
# Journal file: D:/PROJECTs/HC-05/hc05\vivado.jou
#-----------------------------------------------------------
start_gui
open_project D:/PROJECTs/HC-05/hc05/hc05.xpr
Scanning sources...
Finished scanning sources
INFO: [IP_Flow 19-234] Refreshing IP repositories
INFO: [IP_Flow 19-1704] No user IP repositories specified
INFO: [IP_Flow 19-2313] Loaded Vivado IP repository 'C:/Xilinx/Vivado/2018.2/data/ip'.
open_project: Time (s): cpu = 00:00:18 ; elapsed = 00:00:17 . Memory (MB): peak = 768.324 ; gain = 104.723
update_compile_order -fileset sources_1
exit
INFO: [Common 17-206] Exiting Vivado at Mon Jan  7 10:29:06 2019...
